<?xml version="1.0" encoding="UTF-8"?>
<testsuite name="uk.co.gluedit.lifecycle.LifecycleDemoTest" tests="2" skipped="0" failures="0" errors="0" timestamp="2020-05-10T09:06:54" hostname="macbooky-13.local" time="0.009">
  <properties/>
  <testcase name="testOne()" classname="uk.co.gluedit.lifecycle.LifecycleDemoTest" time="0.007"/>
  <testcase name="testTwo()" classname="uk.co.gluedit.lifecycle.LifecycleDemoTest" time="0.001"/>
  <system-out><![CDATA[.Connect to the database
.
...Load the schema
.....Test One
...Drop the schema
.
...Load the schema
.....Test Two
...Drop the schema
.
.Disconnect from the database
]]></system-out>
  <system-err><![CDATA[]]></system-err>
</testsuite>
