<?xml version="1.0" encoding="UTF-8"?>
<testsuite name="uk.co.gluedit.math.MathToolsTest" tests="510" skipped="0" failures="0" errors="0" timestamp="2020-05-10T09:06:54" hostname="macbooky-13.local" time="0.647">
  <properties/>
  <testcase name="testConvertToDecimalSuccess()" classname="uk.co.gluedit.math.MathToolsTest" time="0.006"/>
  <testcase name="testIsEvenTrueForEvenNumbers(int)[1]" classname="uk.co.gluedit.math.MathToolsTest" time="0.026"/>
  <testcase name="testIsEvenTrueForEvenNumbers(int)[2]" classname="uk.co.gluedit.math.MathToolsTest" time="0.001"/>
  <testcase name="testIsEvenTrueForEvenNumbers(int)[3]" classname="uk.co.gluedit.math.MathToolsTest" time="0.001"/>
  <testcase name="testIsEvenTrueForEvenNumbers(int)[4]" classname="uk.co.gluedit.math.MathToolsTest" time="0.001"/>
  <testcase name="testIsEvenTrueForEvenNumbers(int)[5]" classname="uk.co.gluedit.math.MathToolsTest" time="0.001"/>
  <testcase name="testIsEvenTrueForEvenNumbers(int)[6]" classname="uk.co.gluedit.math.MathToolsTest" time="0.001"/>
  <testcase name="testIsEvenTrueForEvenNumbers(int)[7]" classname="uk.co.gluedit.math.MathToolsTest" time="0.0"/>
  <testcase name="testIsEvenTrueForEvenNumbers(int)[8]" classname="uk.co.gluedit.math.MathToolsTest" time="0.001"/>
  <testcase name="testConvertToDecimalInvalidDenominator()" classname="uk.co.gluedit.math.MathToolsTest" time="0.001"/>
  <testcase name="testIsEvenFalseForOddNumbers(int)[1]" classname="uk.co.gluedit.math.MathToolsTest" time="0.001"/>
  <testcase name="testIsEvenFalseForOddNumbers(int)[2]" classname="uk.co.gluedit.math.MathToolsTest" time="0.0"/>
  <testcase name="testIsEvenFalseForOddNumbers(int)[3]" classname="uk.co.gluedit.math.MathToolsTest" time="0.0"/>
  <testcase name="testIsEvenFalseForOddNumbers(int)[4]" classname="uk.co.gluedit.math.MathToolsTest" time="0.001"/>
  <testcase name="testIsEvenFalseForOddNumbers(int)[5]" classname="uk.co.gluedit.math.MathToolsTest" time="0.001"/>
  <testcase name="testIsEvenFalseForOddNumbers(int)[6]" classname="uk.co.gluedit.math.MathToolsTest" time="0.0"/>
  <testcase name="testIsEvenFalseForOddNumbers(int)[7]" classname="uk.co.gluedit.math.MathToolsTest" time="0.001"/>
  <testcase name="testIsEvenFalseForOddNumbers(int)[8]" classname="uk.co.gluedit.math.MathToolsTest" time="0.0"/>
  <testcase name="testIsEvenFalseForOddNumbers(int)[9]" classname="uk.co.gluedit.math.MathToolsTest" time="0.001"/>
  <testcase name="testIsEvenFalseForOddNumbers(int)[10]" classname="uk.co.gluedit.math.MathToolsTest" time="0.0"/>
  <testcase name="testIsEvenFalseForOddNumbers(int)[11]" classname="uk.co.gluedit.math.MathToolsTest" time="0.001"/>
  <testcase name="testIsEvenFalseForOddNumbers(int)[12]" classname="uk.co.gluedit.math.MathToolsTest" time="0.0"/>
  <testcase name="testIsEvenFalseForOddNumbers(int)[13]" classname="uk.co.gluedit.math.MathToolsTest" time="0.001"/>
  <testcase name="testIsEvenFalseForOddNumbers(int)[14]" classname="uk.co.gluedit.math.MathToolsTest" time="0.001"/>
  <testcase name="testIsEvenFalseForOddNumbers(int)[15]" classname="uk.co.gluedit.math.MathToolsTest" time="0.0"/>
  <testcase name="testIsEvenFalseForOddNumbers(int)[16]" classname="uk.co.gluedit.math.MathToolsTest" time="0.001"/>
  <testcase name="testIsEvenFalseForOddNumbers(int)[17]" classname="uk.co.gluedit.math.MathToolsTest" time="0.0"/>
  <testcase name="testIsEvenFalseForOddNumbers(int)[18]" classname="uk.co.gluedit.math.MathToolsTest" time="0.001"/>
  <testcase name="testIsEvenFalseForOddNumbers(int)[19]" classname="uk.co.gluedit.math.MathToolsTest" time="0.001"/>
  <testcase name="testIsEvenFalseForOddNumbers(int)[20]" classname="uk.co.gluedit.math.MathToolsTest" time="0.0"/>
  <testcase name="testIsEvenFalseForOddNumbers(int)[21]" classname="uk.co.gluedit.math.MathToolsTest" time="0.002"/>
  <testcase name="testIsEvenFalseForOddNumbers(int)[22]" classname="uk.co.gluedit.math.MathToolsTest" time="0.0"/>
  <testcase name="testIsEvenFalseForOddNumbers(int)[23]" classname="uk.co.gluedit.math.MathToolsTest" time="0.001"/>
  <testcase name="testIsEvenFalseForOddNumbers(int)[24]" classname="uk.co.gluedit.math.MathToolsTest" time="0.0"/>
  <testcase name="testIsEvenFalseForOddNumbers(int)[25]" classname="uk.co.gluedit.math.MathToolsTest" time="0.0"/>
  <testcase name="testIsEvenFalseForOddNumbers(int)[26]" classname="uk.co.gluedit.math.MathToolsTest" time="0.001"/>
  <testcase name="testIsEvenFalseForOddNumbers(int)[27]" classname="uk.co.gluedit.math.MathToolsTest" time="0.001"/>
  <testcase name="testIsEvenFalseForOddNumbers(int)[28]" classname="uk.co.gluedit.math.MathToolsTest" time="0.0"/>
  <testcase name="testIsEvenFalseForOddNumbers(int)[29]" classname="uk.co.gluedit.math.MathToolsTest" time="0.001"/>
  <testcase name="testIsEvenFalseForOddNumbers(int)[30]" classname="uk.co.gluedit.math.MathToolsTest" time="0.001"/>
  <testcase name="testIsEvenFalseForOddNumbers(int)[31]" classname="uk.co.gluedit.math.MathToolsTest" time="0.0"/>
  <testcase name="testIsEvenFalseForOddNumbers(int)[32]" classname="uk.co.gluedit.math.MathToolsTest" time="0.0"/>
  <testcase name="testIsEvenFalseForOddNumbers(int)[33]" classname="uk.co.gluedit.math.MathToolsTest" time="0.001"/>
  <testcase name="testIsEvenFalseForOddNumbers(int)[34]" classname="uk.co.gluedit.math.MathToolsTest" time="0.001"/>
  <testcase name="testIsEvenFalseForOddNumbers(int)[35]" classname="uk.co.gluedit.math.MathToolsTest" time="0.001"/>
  <testcase name="testIsEvenFalseForOddNumbers(int)[36]" classname="uk.co.gluedit.math.MathToolsTest" time="0.0"/>
  <testcase name="testIsEvenFalseForOddNumbers(int)[37]" classname="uk.co.gluedit.math.MathToolsTest" time="0.001"/>
  <testcase name="testIsEvenFalseForOddNumbers(int)[38]" classname="uk.co.gluedit.math.MathToolsTest" time="0.001"/>
  <testcase name="testIsEvenFalseForOddNumbers(int)[39]" classname="uk.co.gluedit.math.MathToolsTest" time="0.001"/>
  <testcase name="testIsEvenFalseForOddNumbers(int)[40]" classname="uk.co.gluedit.math.MathToolsTest" time="0.0"/>
  <testcase name="testIsEvenFalseForOddNumbers(int)[41]" classname="uk.co.gluedit.math.MathToolsTest" time="0.001"/>
  <testcase name="testIsEvenFalseForOddNumbers(int)[42]" classname="uk.co.gluedit.math.MathToolsTest" time="0.001"/>
  <testcase name="testIsEvenFalseForOddNumbers(int)[43]" classname="uk.co.gluedit.math.MathToolsTest" time="0.001"/>
  <testcase name="testIsEvenFalseForOddNumbers(int)[44]" classname="uk.co.gluedit.math.MathToolsTest" time="0.001"/>
  <testcase name="testIsEvenFalseForOddNumbers(int)[45]" classname="uk.co.gluedit.math.MathToolsTest" time="0.001"/>
  <testcase name="testIsEvenFalseForOddNumbers(int)[46]" classname="uk.co.gluedit.math.MathToolsTest" time="0.001"/>
  <testcase name="testIsEvenFalseForOddNumbers(int)[47]" classname="uk.co.gluedit.math.MathToolsTest" time="0.001"/>
  <testcase name="testIsEvenFalseForOddNumbers(int)[48]" classname="uk.co.gluedit.math.MathToolsTest" time="0.0"/>
  <testcase name="testIsEvenFalseForOddNumbers(int)[49]" classname="uk.co.gluedit.math.MathToolsTest" time="0.001"/>
  <testcase name="testIsEvenFalseForOddNumbers(int)[50]" classname="uk.co.gluedit.math.MathToolsTest" time="0.001"/>
  <testcase name="testIsEvenFalseForOddNumbers(int)[51]" classname="uk.co.gluedit.math.MathToolsTest" time="0.001"/>
  <testcase name="testIsEvenFalseForOddNumbers(int)[52]" classname="uk.co.gluedit.math.MathToolsTest" time="0.001"/>
  <testcase name="testIsEvenFalseForOddNumbers(int)[53]" classname="uk.co.gluedit.math.MathToolsTest" time="0.0"/>
  <testcase name="testIsEvenFalseForOddNumbers(int)[54]" classname="uk.co.gluedit.math.MathToolsTest" time="0.0"/>
  <testcase name="testIsEvenFalseForOddNumbers(int)[55]" classname="uk.co.gluedit.math.MathToolsTest" time="0.001"/>
  <testcase name="testIsEvenFalseForOddNumbers(int)[56]" classname="uk.co.gluedit.math.MathToolsTest" time="0.001"/>
  <testcase name="testIsEvenFalseForOddNumbers(int)[57]" classname="uk.co.gluedit.math.MathToolsTest" time="0.0"/>
  <testcase name="testIsEvenFalseForOddNumbers(int)[58]" classname="uk.co.gluedit.math.MathToolsTest" time="0.001"/>
  <testcase name="testIsEvenFalseForOddNumbers(int)[59]" classname="uk.co.gluedit.math.MathToolsTest" time="0.0"/>
  <testcase name="testIsEvenFalseForOddNumbers(int)[60]" classname="uk.co.gluedit.math.MathToolsTest" time="0.001"/>
  <testcase name="testIsEvenFalseForOddNumbers(int)[61]" classname="uk.co.gluedit.math.MathToolsTest" time="0.0"/>
  <testcase name="testIsEvenFalseForOddNumbers(int)[62]" classname="uk.co.gluedit.math.MathToolsTest" time="0.0"/>
  <testcase name="testIsEvenFalseForOddNumbers(int)[63]" classname="uk.co.gluedit.math.MathToolsTest" time="0.001"/>
  <testcase name="testIsEvenFalseForOddNumbers(int)[64]" classname="uk.co.gluedit.math.MathToolsTest" time="0.0"/>
  <testcase name="testIsEvenFalseForOddNumbers(int)[65]" classname="uk.co.gluedit.math.MathToolsTest" time="0.001"/>
  <testcase name="testIsEvenFalseForOddNumbers(int)[66]" classname="uk.co.gluedit.math.MathToolsTest" time="0.001"/>
  <testcase name="testIsEvenFalseForOddNumbers(int)[67]" classname="uk.co.gluedit.math.MathToolsTest" time="0.001"/>
  <testcase name="testIsEvenFalseForOddNumbers(int)[68]" classname="uk.co.gluedit.math.MathToolsTest" time="0.0"/>
  <testcase name="testIsEvenFalseForOddNumbers(int)[69]" classname="uk.co.gluedit.math.MathToolsTest" time="0.001"/>
  <testcase name="testIsEvenFalseForOddNumbers(int)[70]" classname="uk.co.gluedit.math.MathToolsTest" time="0.001"/>
  <testcase name="testIsEvenFalseForOddNumbers(int)[71]" classname="uk.co.gluedit.math.MathToolsTest" time="0.0"/>
  <testcase name="testIsEvenFalseForOddNumbers(int)[72]" classname="uk.co.gluedit.math.MathToolsTest" time="0.001"/>
  <testcase name="testIsEvenFalseForOddNumbers(int)[73]" classname="uk.co.gluedit.math.MathToolsTest" time="0.003"/>
  <testcase name="testIsEvenFalseForOddNumbers(int)[74]" classname="uk.co.gluedit.math.MathToolsTest" time="0.001"/>
  <testcase name="testIsEvenFalseForOddNumbers(int)[75]" classname="uk.co.gluedit.math.MathToolsTest" time="0.0"/>
  <testcase name="testIsEvenFalseForOddNumbers(int)[76]" classname="uk.co.gluedit.math.MathToolsTest" time="0.0"/>
  <testcase name="testIsEvenFalseForOddNumbers(int)[77]" classname="uk.co.gluedit.math.MathToolsTest" time="0.002"/>
  <testcase name="testIsEvenFalseForOddNumbers(int)[78]" classname="uk.co.gluedit.math.MathToolsTest" time="0.0"/>
  <testcase name="testIsEvenFalseForOddNumbers(int)[79]" classname="uk.co.gluedit.math.MathToolsTest" time="0.004"/>
  <testcase name="testIsEvenFalseForOddNumbers(int)[80]" classname="uk.co.gluedit.math.MathToolsTest" time="0.001"/>
  <testcase name="testIsEvenFalseForOddNumbers(int)[81]" classname="uk.co.gluedit.math.MathToolsTest" time="0.0"/>
  <testcase name="testIsEvenFalseForOddNumbers(int)[82]" classname="uk.co.gluedit.math.MathToolsTest" time="0.0"/>
  <testcase name="testIsEvenFalseForOddNumbers(int)[83]" classname="uk.co.gluedit.math.MathToolsTest" time="0.0"/>
  <testcase name="testIsEvenFalseForOddNumbers(int)[84]" classname="uk.co.gluedit.math.MathToolsTest" time="0.0"/>
  <testcase name="testIsEvenFalseForOddNumbers(int)[85]" classname="uk.co.gluedit.math.MathToolsTest" time="0.001"/>
  <testcase name="testIsEvenFalseForOddNumbers(int)[86]" classname="uk.co.gluedit.math.MathToolsTest" time="0.001"/>
  <testcase name="testIsEvenFalseForOddNumbers(int)[87]" classname="uk.co.gluedit.math.MathToolsTest" time="0.0"/>
  <testcase name="testIsEvenFalseForOddNumbers(int)[88]" classname="uk.co.gluedit.math.MathToolsTest" time="0.0"/>
  <testcase name="testIsEvenFalseForOddNumbers(int)[89]" classname="uk.co.gluedit.math.MathToolsTest" time="0.001"/>
  <testcase name="testIsEvenFalseForOddNumbers(int)[90]" classname="uk.co.gluedit.math.MathToolsTest" time="0.001"/>
  <testcase name="testIsEvenFalseForOddNumbers(int)[91]" classname="uk.co.gluedit.math.MathToolsTest" time="0.001"/>
  <testcase name="testIsEvenFalseForOddNumbers(int)[92]" classname="uk.co.gluedit.math.MathToolsTest" time="0.0"/>
  <testcase name="testIsEvenFalseForOddNumbers(int)[93]" classname="uk.co.gluedit.math.MathToolsTest" time="0.0"/>
  <testcase name="testIsEvenFalseForOddNumbers(int)[94]" classname="uk.co.gluedit.math.MathToolsTest" time="0.0"/>
  <testcase name="testIsEvenFalseForOddNumbers(int)[95]" classname="uk.co.gluedit.math.MathToolsTest" time="0.001"/>
  <testcase name="testIsEvenFalseForOddNumbers(int)[96]" classname="uk.co.gluedit.math.MathToolsTest" time="0.0"/>
  <testcase name="testIsEvenFalseForOddNumbers(int)[97]" classname="uk.co.gluedit.math.MathToolsTest" time="0.0"/>
  <testcase name="testIsEvenFalseForOddNumbers(int)[98]" classname="uk.co.gluedit.math.MathToolsTest" time="0.0"/>
  <testcase name="testIsEvenFalseForOddNumbers(int)[99]" classname="uk.co.gluedit.math.MathToolsTest" time="0.001"/>
  <testcase name="testIsEvenFalseForOddNumbers(int)[100]" classname="uk.co.gluedit.math.MathToolsTest" time="0.0"/>
  <testcase name="testIsEvenFalseForOddNumbers(int)[101]" classname="uk.co.gluedit.math.MathToolsTest" time="0.0"/>
  <testcase name="testIsEvenFalseForOddNumbers(int)[102]" classname="uk.co.gluedit.math.MathToolsTest" time="0.0"/>
  <testcase name="testIsEvenFalseForOddNumbers(int)[103]" classname="uk.co.gluedit.math.MathToolsTest" time="0.0"/>
  <testcase name="testIsEvenFalseForOddNumbers(int)[104]" classname="uk.co.gluedit.math.MathToolsTest" time="0.0"/>
  <testcase name="testIsEvenFalseForOddNumbers(int)[105]" classname="uk.co.gluedit.math.MathToolsTest" time="0.0"/>
  <testcase name="testIsEvenFalseForOddNumbers(int)[106]" classname="uk.co.gluedit.math.MathToolsTest" time="0.0"/>
  <testcase name="testIsEvenFalseForOddNumbers(int)[107]" classname="uk.co.gluedit.math.MathToolsTest" time="0.001"/>
  <testcase name="testIsEvenFalseForOddNumbers(int)[108]" classname="uk.co.gluedit.math.MathToolsTest" time="0.0"/>
  <testcase name="testIsEvenFalseForOddNumbers(int)[109]" classname="uk.co.gluedit.math.MathToolsTest" time="0.001"/>
  <testcase name="testIsEvenFalseForOddNumbers(int)[110]" classname="uk.co.gluedit.math.MathToolsTest" time="0.0"/>
  <testcase name="testIsEvenFalseForOddNumbers(int)[111]" classname="uk.co.gluedit.math.MathToolsTest" time="0.0"/>
  <testcase name="testIsEvenFalseForOddNumbers(int)[112]" classname="uk.co.gluedit.math.MathToolsTest" time="0.0"/>
  <testcase name="testIsEvenFalseForOddNumbers(int)[113]" classname="uk.co.gluedit.math.MathToolsTest" time="0.0"/>
  <testcase name="testIsEvenFalseForOddNumbers(int)[114]" classname="uk.co.gluedit.math.MathToolsTest" time="0.0"/>
  <testcase name="testIsEvenFalseForOddNumbers(int)[115]" classname="uk.co.gluedit.math.MathToolsTest" time="0.002"/>
  <testcase name="testIsEvenFalseForOddNumbers(int)[116]" classname="uk.co.gluedit.math.MathToolsTest" time="0.001"/>
  <testcase name="testIsEvenFalseForOddNumbers(int)[117]" classname="uk.co.gluedit.math.MathToolsTest" time="0.0"/>
  <testcase name="testIsEvenFalseForOddNumbers(int)[118]" classname="uk.co.gluedit.math.MathToolsTest" time="0.001"/>
  <testcase name="testIsEvenFalseForOddNumbers(int)[119]" classname="uk.co.gluedit.math.MathToolsTest" time="0.0"/>
  <testcase name="testIsEvenFalseForOddNumbers(int)[120]" classname="uk.co.gluedit.math.MathToolsTest" time="0.0"/>
  <testcase name="testIsEvenFalseForOddNumbers(int)[121]" classname="uk.co.gluedit.math.MathToolsTest" time="0.0"/>
  <testcase name="testIsEvenFalseForOddNumbers(int)[122]" classname="uk.co.gluedit.math.MathToolsTest" time="0.0"/>
  <testcase name="testIsEvenFalseForOddNumbers(int)[123]" classname="uk.co.gluedit.math.MathToolsTest" time="0.0"/>
  <testcase name="testIsEvenFalseForOddNumbers(int)[124]" classname="uk.co.gluedit.math.MathToolsTest" time="0.0"/>
  <testcase name="testIsEvenFalseForOddNumbers(int)[125]" classname="uk.co.gluedit.math.MathToolsTest" time="0.0"/>
  <testcase name="testIsEvenFalseForOddNumbers(int)[126]" classname="uk.co.gluedit.math.MathToolsTest" time="0.0"/>
  <testcase name="testIsEvenFalseForOddNumbers(int)[127]" classname="uk.co.gluedit.math.MathToolsTest" time="0.0"/>
  <testcase name="testIsEvenFalseForOddNumbers(int)[128]" classname="uk.co.gluedit.math.MathToolsTest" time="0.0"/>
  <testcase name="testIsEvenFalseForOddNumbers(int)[129]" classname="uk.co.gluedit.math.MathToolsTest" time="0.001"/>
  <testcase name="testIsEvenFalseForOddNumbers(int)[130]" classname="uk.co.gluedit.math.MathToolsTest" time="0.0"/>
  <testcase name="testIsEvenFalseForOddNumbers(int)[131]" classname="uk.co.gluedit.math.MathToolsTest" time="0.001"/>
  <testcase name="testIsEvenFalseForOddNumbers(int)[132]" classname="uk.co.gluedit.math.MathToolsTest" time="0.0"/>
  <testcase name="testIsEvenFalseForOddNumbers(int)[133]" classname="uk.co.gluedit.math.MathToolsTest" time="0.001"/>
  <testcase name="testIsEvenFalseForOddNumbers(int)[134]" classname="uk.co.gluedit.math.MathToolsTest" time="0.0"/>
  <testcase name="testIsEvenFalseForOddNumbers(int)[135]" classname="uk.co.gluedit.math.MathToolsTest" time="0.001"/>
  <testcase name="testIsEvenFalseForOddNumbers(int)[136]" classname="uk.co.gluedit.math.MathToolsTest" time="0.001"/>
  <testcase name="testIsEvenFalseForOddNumbers(int)[137]" classname="uk.co.gluedit.math.MathToolsTest" time="0.0"/>
  <testcase name="testIsEvenFalseForOddNumbers(int)[138]" classname="uk.co.gluedit.math.MathToolsTest" time="0.0"/>
  <testcase name="testIsEvenFalseForOddNumbers(int)[139]" classname="uk.co.gluedit.math.MathToolsTest" time="0.0"/>
  <testcase name="testIsEvenFalseForOddNumbers(int)[140]" classname="uk.co.gluedit.math.MathToolsTest" time="0.0"/>
  <testcase name="testIsEvenFalseForOddNumbers(int)[141]" classname="uk.co.gluedit.math.MathToolsTest" time="0.0"/>
  <testcase name="testIsEvenFalseForOddNumbers(int)[142]" classname="uk.co.gluedit.math.MathToolsTest" time="0.0"/>
  <testcase name="testIsEvenFalseForOddNumbers(int)[143]" classname="uk.co.gluedit.math.MathToolsTest" time="0.0"/>
  <testcase name="testIsEvenFalseForOddNumbers(int)[144]" classname="uk.co.gluedit.math.MathToolsTest" time="0.0"/>
  <testcase name="testIsEvenFalseForOddNumbers(int)[145]" classname="uk.co.gluedit.math.MathToolsTest" time="0.0"/>
  <testcase name="testIsEvenFalseForOddNumbers(int)[146]" classname="uk.co.gluedit.math.MathToolsTest" time="0.001"/>
  <testcase name="testIsEvenFalseForOddNumbers(int)[147]" classname="uk.co.gluedit.math.MathToolsTest" time="0.0"/>
  <testcase name="testIsEvenFalseForOddNumbers(int)[148]" classname="uk.co.gluedit.math.MathToolsTest" time="0.0"/>
  <testcase name="testIsEvenFalseForOddNumbers(int)[149]" classname="uk.co.gluedit.math.MathToolsTest" time="0.0"/>
  <testcase name="testIsEvenFalseForOddNumbers(int)[150]" classname="uk.co.gluedit.math.MathToolsTest" time="0.0"/>
  <testcase name="testIsEvenFalseForOddNumbers(int)[151]" classname="uk.co.gluedit.math.MathToolsTest" time="0.0"/>
  <testcase name="testIsEvenFalseForOddNumbers(int)[152]" classname="uk.co.gluedit.math.MathToolsTest" time="0.0"/>
  <testcase name="testIsEvenFalseForOddNumbers(int)[153]" classname="uk.co.gluedit.math.MathToolsTest" time="0.001"/>
  <testcase name="testIsEvenFalseForOddNumbers(int)[154]" classname="uk.co.gluedit.math.MathToolsTest" time="0.0"/>
  <testcase name="testIsEvenFalseForOddNumbers(int)[155]" classname="uk.co.gluedit.math.MathToolsTest" time="0.0"/>
  <testcase name="testIsEvenFalseForOddNumbers(int)[156]" classname="uk.co.gluedit.math.MathToolsTest" time="0.0"/>
  <testcase name="testIsEvenFalseForOddNumbers(int)[157]" classname="uk.co.gluedit.math.MathToolsTest" time="0.0"/>
  <testcase name="testIsEvenFalseForOddNumbers(int)[158]" classname="uk.co.gluedit.math.MathToolsTest" time="0.0"/>
  <testcase name="testIsEvenFalseForOddNumbers(int)[159]" classname="uk.co.gluedit.math.MathToolsTest" time="0.0"/>
  <testcase name="testIsEvenFalseForOddNumbers(int)[160]" classname="uk.co.gluedit.math.MathToolsTest" time="0.0"/>
  <testcase name="testIsEvenFalseForOddNumbers(int)[161]" classname="uk.co.gluedit.math.MathToolsTest" time="0.0"/>
  <testcase name="testIsEvenFalseForOddNumbers(int)[162]" classname="uk.co.gluedit.math.MathToolsTest" time="0.0"/>
  <testcase name="testIsEvenFalseForOddNumbers(int)[163]" classname="uk.co.gluedit.math.MathToolsTest" time="0.0"/>
  <testcase name="testIsEvenFalseForOddNumbers(int)[164]" classname="uk.co.gluedit.math.MathToolsTest" time="0.0"/>
  <testcase name="testIsEvenFalseForOddNumbers(int)[165]" classname="uk.co.gluedit.math.MathToolsTest" time="0.001"/>
  <testcase name="testIsEvenFalseForOddNumbers(int)[166]" classname="uk.co.gluedit.math.MathToolsTest" time="0.001"/>
  <testcase name="testIsEvenFalseForOddNumbers(int)[167]" classname="uk.co.gluedit.math.MathToolsTest" time="0.001"/>
  <testcase name="testIsEvenFalseForOddNumbers(int)[168]" classname="uk.co.gluedit.math.MathToolsTest" time="0.0"/>
  <testcase name="testIsEvenFalseForOddNumbers(int)[169]" classname="uk.co.gluedit.math.MathToolsTest" time="0.001"/>
  <testcase name="testIsEvenFalseForOddNumbers(int)[170]" classname="uk.co.gluedit.math.MathToolsTest" time="0.001"/>
  <testcase name="testIsEvenFalseForOddNumbers(int)[171]" classname="uk.co.gluedit.math.MathToolsTest" time="0.001"/>
  <testcase name="testIsEvenFalseForOddNumbers(int)[172]" classname="uk.co.gluedit.math.MathToolsTest" time="0.0"/>
  <testcase name="testIsEvenFalseForOddNumbers(int)[173]" classname="uk.co.gluedit.math.MathToolsTest" time="0.0"/>
  <testcase name="testIsEvenFalseForOddNumbers(int)[174]" classname="uk.co.gluedit.math.MathToolsTest" time="0.0"/>
  <testcase name="testIsEvenFalseForOddNumbers(int)[175]" classname="uk.co.gluedit.math.MathToolsTest" time="0.0"/>
  <testcase name="testIsEvenFalseForOddNumbers(int)[176]" classname="uk.co.gluedit.math.MathToolsTest" time="0.0"/>
  <testcase name="testIsEvenFalseForOddNumbers(int)[177]" classname="uk.co.gluedit.math.MathToolsTest" time="0.0"/>
  <testcase name="testIsEvenFalseForOddNumbers(int)[178]" classname="uk.co.gluedit.math.MathToolsTest" time="0.0"/>
  <testcase name="testIsEvenFalseForOddNumbers(int)[179]" classname="uk.co.gluedit.math.MathToolsTest" time="0.0"/>
  <testcase name="testIsEvenFalseForOddNumbers(int)[180]" classname="uk.co.gluedit.math.MathToolsTest" time="0.001"/>
  <testcase name="testIsEvenFalseForOddNumbers(int)[181]" classname="uk.co.gluedit.math.MathToolsTest" time="0.0"/>
  <testcase name="testIsEvenFalseForOddNumbers(int)[182]" classname="uk.co.gluedit.math.MathToolsTest" time="0.001"/>
  <testcase name="testIsEvenFalseForOddNumbers(int)[183]" classname="uk.co.gluedit.math.MathToolsTest" time="0.0"/>
  <testcase name="testIsEvenFalseForOddNumbers(int)[184]" classname="uk.co.gluedit.math.MathToolsTest" time="0.0"/>
  <testcase name="testIsEvenFalseForOddNumbers(int)[185]" classname="uk.co.gluedit.math.MathToolsTest" time="0.0"/>
  <testcase name="testIsEvenFalseForOddNumbers(int)[186]" classname="uk.co.gluedit.math.MathToolsTest" time="0.0"/>
  <testcase name="testIsEvenFalseForOddNumbers(int)[187]" classname="uk.co.gluedit.math.MathToolsTest" time="0.0"/>
  <testcase name="testIsEvenFalseForOddNumbers(int)[188]" classname="uk.co.gluedit.math.MathToolsTest" time="0.0"/>
  <testcase name="testIsEvenFalseForOddNumbers(int)[189]" classname="uk.co.gluedit.math.MathToolsTest" time="0.002"/>
  <testcase name="testIsEvenFalseForOddNumbers(int)[190]" classname="uk.co.gluedit.math.MathToolsTest" time="0.0"/>
  <testcase name="testIsEvenFalseForOddNumbers(int)[191]" classname="uk.co.gluedit.math.MathToolsTest" time="0.0"/>
  <testcase name="testIsEvenFalseForOddNumbers(int)[192]" classname="uk.co.gluedit.math.MathToolsTest" time="0.0"/>
  <testcase name="testIsEvenFalseForOddNumbers(int)[193]" classname="uk.co.gluedit.math.MathToolsTest" time="0.001"/>
  <testcase name="testIsEvenFalseForOddNumbers(int)[194]" classname="uk.co.gluedit.math.MathToolsTest" time="0.001"/>
  <testcase name="testIsEvenFalseForOddNumbers(int)[195]" classname="uk.co.gluedit.math.MathToolsTest" time="0.0"/>
  <testcase name="testIsEvenFalseForOddNumbers(int)[196]" classname="uk.co.gluedit.math.MathToolsTest" time="0.0"/>
  <testcase name="testIsEvenFalseForOddNumbers(int)[197]" classname="uk.co.gluedit.math.MathToolsTest" time="0.0"/>
  <testcase name="testIsEvenFalseForOddNumbers(int)[198]" classname="uk.co.gluedit.math.MathToolsTest" time="0.001"/>
  <testcase name="testIsEvenFalseForOddNumbers(int)[199]" classname="uk.co.gluedit.math.MathToolsTest" time="0.001"/>
  <testcase name="testIsEvenFalseForOddNumbers(int)[200]" classname="uk.co.gluedit.math.MathToolsTest" time="0.0"/>
  <testcase name="testIsEvenFalseForOddNumbers(int)[201]" classname="uk.co.gluedit.math.MathToolsTest" time="0.0"/>
  <testcase name="testIsEvenFalseForOddNumbers(int)[202]" classname="uk.co.gluedit.math.MathToolsTest" time="0.0"/>
  <testcase name="testIsEvenFalseForOddNumbers(int)[203]" classname="uk.co.gluedit.math.MathToolsTest" time="0.0"/>
  <testcase name="testIsEvenFalseForOddNumbers(int)[204]" classname="uk.co.gluedit.math.MathToolsTest" time="0.001"/>
  <testcase name="testIsEvenFalseForOddNumbers(int)[205]" classname="uk.co.gluedit.math.MathToolsTest" time="0.001"/>
  <testcase name="testIsEvenFalseForOddNumbers(int)[206]" classname="uk.co.gluedit.math.MathToolsTest" time="0.0"/>
  <testcase name="testIsEvenFalseForOddNumbers(int)[207]" classname="uk.co.gluedit.math.MathToolsTest" time="0.0"/>
  <testcase name="testIsEvenFalseForOddNumbers(int)[208]" classname="uk.co.gluedit.math.MathToolsTest" time="0.0"/>
  <testcase name="testIsEvenFalseForOddNumbers(int)[209]" classname="uk.co.gluedit.math.MathToolsTest" time="0.0"/>
  <testcase name="testIsEvenFalseForOddNumbers(int)[210]" classname="uk.co.gluedit.math.MathToolsTest" time="0.0"/>
  <testcase name="testIsEvenFalseForOddNumbers(int)[211]" classname="uk.co.gluedit.math.MathToolsTest" time="0.001"/>
  <testcase name="testIsEvenFalseForOddNumbers(int)[212]" classname="uk.co.gluedit.math.MathToolsTest" time="0.001"/>
  <testcase name="testIsEvenFalseForOddNumbers(int)[213]" classname="uk.co.gluedit.math.MathToolsTest" time="0.001"/>
  <testcase name="testIsEvenFalseForOddNumbers(int)[214]" classname="uk.co.gluedit.math.MathToolsTest" time="0.0"/>
  <testcase name="testIsEvenFalseForOddNumbers(int)[215]" classname="uk.co.gluedit.math.MathToolsTest" time="0.0"/>
  <testcase name="testIsEvenFalseForOddNumbers(int)[216]" classname="uk.co.gluedit.math.MathToolsTest" time="0.0"/>
  <testcase name="testIsEvenFalseForOddNumbers(int)[217]" classname="uk.co.gluedit.math.MathToolsTest" time="0.0"/>
  <testcase name="testIsEvenFalseForOddNumbers(int)[218]" classname="uk.co.gluedit.math.MathToolsTest" time="0.001"/>
  <testcase name="testIsEvenFalseForOddNumbers(int)[219]" classname="uk.co.gluedit.math.MathToolsTest" time="0.0"/>
  <testcase name="testIsEvenFalseForOddNumbers(int)[220]" classname="uk.co.gluedit.math.MathToolsTest" time="0.0"/>
  <testcase name="testIsEvenFalseForOddNumbers(int)[221]" classname="uk.co.gluedit.math.MathToolsTest" time="0.0"/>
  <testcase name="testIsEvenFalseForOddNumbers(int)[222]" classname="uk.co.gluedit.math.MathToolsTest" time="0.0"/>
  <testcase name="testIsEvenFalseForOddNumbers(int)[223]" classname="uk.co.gluedit.math.MathToolsTest" time="0.0"/>
  <testcase name="testIsEvenFalseForOddNumbers(int)[224]" classname="uk.co.gluedit.math.MathToolsTest" time="0.0"/>
  <testcase name="testIsEvenFalseForOddNumbers(int)[225]" classname="uk.co.gluedit.math.MathToolsTest" time="0.001"/>
  <testcase name="testIsEvenFalseForOddNumbers(int)[226]" classname="uk.co.gluedit.math.MathToolsTest" time="0.0"/>
  <testcase name="testIsEvenFalseForOddNumbers(int)[227]" classname="uk.co.gluedit.math.MathToolsTest" time="0.0"/>
  <testcase name="testIsEvenFalseForOddNumbers(int)[228]" classname="uk.co.gluedit.math.MathToolsTest" time="0.0"/>
  <testcase name="testIsEvenFalseForOddNumbers(int)[229]" classname="uk.co.gluedit.math.MathToolsTest" time="0.0"/>
  <testcase name="testIsEvenFalseForOddNumbers(int)[230]" classname="uk.co.gluedit.math.MathToolsTest" time="0.0"/>
  <testcase name="testIsEvenFalseForOddNumbers(int)[231]" classname="uk.co.gluedit.math.MathToolsTest" time="0.001"/>
  <testcase name="testIsEvenFalseForOddNumbers(int)[232]" classname="uk.co.gluedit.math.MathToolsTest" time="0.001"/>
  <testcase name="testIsEvenFalseForOddNumbers(int)[233]" classname="uk.co.gluedit.math.MathToolsTest" time="0.001"/>
  <testcase name="testIsEvenFalseForOddNumbers(int)[234]" classname="uk.co.gluedit.math.MathToolsTest" time="0.0"/>
  <testcase name="testIsEvenFalseForOddNumbers(int)[235]" classname="uk.co.gluedit.math.MathToolsTest" time="0.0"/>
  <testcase name="testIsEvenFalseForOddNumbers(int)[236]" classname="uk.co.gluedit.math.MathToolsTest" time="0.001"/>
  <testcase name="testIsEvenFalseForOddNumbers(int)[237]" classname="uk.co.gluedit.math.MathToolsTest" time="0.001"/>
  <testcase name="testIsEvenFalseForOddNumbers(int)[238]" classname="uk.co.gluedit.math.MathToolsTest" time="0.0"/>
  <testcase name="testIsEvenFalseForOddNumbers(int)[239]" classname="uk.co.gluedit.math.MathToolsTest" time="0.0"/>
  <testcase name="testIsEvenFalseForOddNumbers(int)[240]" classname="uk.co.gluedit.math.MathToolsTest" time="0.0"/>
  <testcase name="testIsEvenFalseForOddNumbers(int)[241]" classname="uk.co.gluedit.math.MathToolsTest" time="0.0"/>
  <testcase name="testIsEvenFalseForOddNumbers(int)[242]" classname="uk.co.gluedit.math.MathToolsTest" time="0.0"/>
  <testcase name="testIsEvenFalseForOddNumbers(int)[243]" classname="uk.co.gluedit.math.MathToolsTest" time="0.001"/>
  <testcase name="testIsEvenFalseForOddNumbers(int)[244]" classname="uk.co.gluedit.math.MathToolsTest" time="0.0"/>
  <testcase name="testIsEvenFalseForOddNumbers(int)[245]" classname="uk.co.gluedit.math.MathToolsTest" time="0.0"/>
  <testcase name="testIsEvenFalseForOddNumbers(int)[246]" classname="uk.co.gluedit.math.MathToolsTest" time="0.0"/>
  <testcase name="testIsEvenFalseForOddNumbers(int)[247]" classname="uk.co.gluedit.math.MathToolsTest" time="0.0"/>
  <testcase name="testIsEvenFalseForOddNumbers(int)[248]" classname="uk.co.gluedit.math.MathToolsTest" time="0.0"/>
  <testcase name="testIsEvenFalseForOddNumbers(int)[249]" classname="uk.co.gluedit.math.MathToolsTest" time="0.0"/>
  <testcase name="testIsEvenFalseForOddNumbers(int)[250]" classname="uk.co.gluedit.math.MathToolsTest" time="0.0"/>
  <testcase name="testIsEvenFalseForOddNumbers(int)[251]" classname="uk.co.gluedit.math.MathToolsTest" time="0.0"/>
  <testcase name="testIsEvenFalseForOddNumbers(int)[252]" classname="uk.co.gluedit.math.MathToolsTest" time="0.0"/>
  <testcase name="testIsEvenFalseForOddNumbers(int)[253]" classname="uk.co.gluedit.math.MathToolsTest" time="0.0"/>
  <testcase name="testIsEvenFalseForOddNumbers(int)[254]" classname="uk.co.gluedit.math.MathToolsTest" time="0.0"/>
  <testcase name="testIsEvenFalseForOddNumbers(int)[255]" classname="uk.co.gluedit.math.MathToolsTest" time="0.0"/>
  <testcase name="testIsEvenFalseForOddNumbers(int)[256]" classname="uk.co.gluedit.math.MathToolsTest" time="0.0"/>
  <testcase name="testIsEvenFalseForOddNumbers(int)[257]" classname="uk.co.gluedit.math.MathToolsTest" time="0.0"/>
  <testcase name="testIsEvenFalseForOddNumbers(int)[258]" classname="uk.co.gluedit.math.MathToolsTest" time="0.0"/>
  <testcase name="testIsEvenFalseForOddNumbers(int)[259]" classname="uk.co.gluedit.math.MathToolsTest" time="0.0"/>
  <testcase name="testIsEvenFalseForOddNumbers(int)[260]" classname="uk.co.gluedit.math.MathToolsTest" time="0.0"/>
  <testcase name="testIsEvenFalseForOddNumbers(int)[261]" classname="uk.co.gluedit.math.MathToolsTest" time="0.001"/>
  <testcase name="testIsEvenFalseForOddNumbers(int)[262]" classname="uk.co.gluedit.math.MathToolsTest" time="0.0"/>
  <testcase name="testIsEvenFalseForOddNumbers(int)[263]" classname="uk.co.gluedit.math.MathToolsTest" time="0.0"/>
  <testcase name="testIsEvenFalseForOddNumbers(int)[264]" classname="uk.co.gluedit.math.MathToolsTest" time="0.0"/>
  <testcase name="testIsEvenFalseForOddNumbers(int)[265]" classname="uk.co.gluedit.math.MathToolsTest" time="0.0"/>
  <testcase name="testIsEvenFalseForOddNumbers(int)[266]" classname="uk.co.gluedit.math.MathToolsTest" time="0.001"/>
  <testcase name="testIsEvenFalseForOddNumbers(int)[267]" classname="uk.co.gluedit.math.MathToolsTest" time="0.001"/>
  <testcase name="testIsEvenFalseForOddNumbers(int)[268]" classname="uk.co.gluedit.math.MathToolsTest" time="0.0"/>
  <testcase name="testIsEvenFalseForOddNumbers(int)[269]" classname="uk.co.gluedit.math.MathToolsTest" time="0.001"/>
  <testcase name="testIsEvenFalseForOddNumbers(int)[270]" classname="uk.co.gluedit.math.MathToolsTest" time="0.0"/>
  <testcase name="testIsEvenFalseForOddNumbers(int)[271]" classname="uk.co.gluedit.math.MathToolsTest" time="0.0"/>
  <testcase name="testIsEvenFalseForOddNumbers(int)[272]" classname="uk.co.gluedit.math.MathToolsTest" time="0.001"/>
  <testcase name="testIsEvenFalseForOddNumbers(int)[273]" classname="uk.co.gluedit.math.MathToolsTest" time="0.0"/>
  <testcase name="testIsEvenFalseForOddNumbers(int)[274]" classname="uk.co.gluedit.math.MathToolsTest" time="0.0"/>
  <testcase name="testIsEvenFalseForOddNumbers(int)[275]" classname="uk.co.gluedit.math.MathToolsTest" time="0.0"/>
  <testcase name="testIsEvenFalseForOddNumbers(int)[276]" classname="uk.co.gluedit.math.MathToolsTest" time="0.001"/>
  <testcase name="testIsEvenFalseForOddNumbers(int)[277]" classname="uk.co.gluedit.math.MathToolsTest" time="0.0"/>
  <testcase name="testIsEvenFalseForOddNumbers(int)[278]" classname="uk.co.gluedit.math.MathToolsTest" time="0.0"/>
  <testcase name="testIsEvenFalseForOddNumbers(int)[279]" classname="uk.co.gluedit.math.MathToolsTest" time="0.001"/>
  <testcase name="testIsEvenFalseForOddNumbers(int)[280]" classname="uk.co.gluedit.math.MathToolsTest" time="0.001"/>
  <testcase name="testIsEvenFalseForOddNumbers(int)[281]" classname="uk.co.gluedit.math.MathToolsTest" time="0.0"/>
  <testcase name="testIsEvenFalseForOddNumbers(int)[282]" classname="uk.co.gluedit.math.MathToolsTest" time="0.0"/>
  <testcase name="testIsEvenFalseForOddNumbers(int)[283]" classname="uk.co.gluedit.math.MathToolsTest" time="0.0"/>
  <testcase name="testIsEvenFalseForOddNumbers(int)[284]" classname="uk.co.gluedit.math.MathToolsTest" time="0.0"/>
  <testcase name="testIsEvenFalseForOddNumbers(int)[285]" classname="uk.co.gluedit.math.MathToolsTest" time="0.002"/>
  <testcase name="testIsEvenFalseForOddNumbers(int)[286]" classname="uk.co.gluedit.math.MathToolsTest" time="0.0"/>
  <testcase name="testIsEvenFalseForOddNumbers(int)[287]" classname="uk.co.gluedit.math.MathToolsTest" time="0.0"/>
  <testcase name="testIsEvenFalseForOddNumbers(int)[288]" classname="uk.co.gluedit.math.MathToolsTest" time="0.0"/>
  <testcase name="testIsEvenFalseForOddNumbers(int)[289]" classname="uk.co.gluedit.math.MathToolsTest" time="0.001"/>
  <testcase name="testIsEvenFalseForOddNumbers(int)[290]" classname="uk.co.gluedit.math.MathToolsTest" time="0.0"/>
  <testcase name="testIsEvenFalseForOddNumbers(int)[291]" classname="uk.co.gluedit.math.MathToolsTest" time="0.0"/>
  <testcase name="testIsEvenFalseForOddNumbers(int)[292]" classname="uk.co.gluedit.math.MathToolsTest" time="0.0"/>
  <testcase name="testIsEvenFalseForOddNumbers(int)[293]" classname="uk.co.gluedit.math.MathToolsTest" time="0.0"/>
  <testcase name="testIsEvenFalseForOddNumbers(int)[294]" classname="uk.co.gluedit.math.MathToolsTest" time="0.0"/>
  <testcase name="testIsEvenFalseForOddNumbers(int)[295]" classname="uk.co.gluedit.math.MathToolsTest" time="0.0"/>
  <testcase name="testIsEvenFalseForOddNumbers(int)[296]" classname="uk.co.gluedit.math.MathToolsTest" time="0.0"/>
  <testcase name="testIsEvenFalseForOddNumbers(int)[297]" classname="uk.co.gluedit.math.MathToolsTest" time="0.001"/>
  <testcase name="testIsEvenFalseForOddNumbers(int)[298]" classname="uk.co.gluedit.math.MathToolsTest" time="0.0"/>
  <testcase name="testIsEvenFalseForOddNumbers(int)[299]" classname="uk.co.gluedit.math.MathToolsTest" time="0.001"/>
  <testcase name="testIsEvenFalseForOddNumbers(int)[300]" classname="uk.co.gluedit.math.MathToolsTest" time="0.001"/>
  <testcase name="testIsEvenFalseForOddNumbers(int)[301]" classname="uk.co.gluedit.math.MathToolsTest" time="0.0"/>
  <testcase name="testIsEvenFalseForOddNumbers(int)[302]" classname="uk.co.gluedit.math.MathToolsTest" time="0.0"/>
  <testcase name="testIsEvenFalseForOddNumbers(int)[303]" classname="uk.co.gluedit.math.MathToolsTest" time="0.0"/>
  <testcase name="testIsEvenFalseForOddNumbers(int)[304]" classname="uk.co.gluedit.math.MathToolsTest" time="0.001"/>
  <testcase name="testIsEvenFalseForOddNumbers(int)[305]" classname="uk.co.gluedit.math.MathToolsTest" time="0.0"/>
  <testcase name="testIsEvenFalseForOddNumbers(int)[306]" classname="uk.co.gluedit.math.MathToolsTest" time="0.0"/>
  <testcase name="testIsEvenFalseForOddNumbers(int)[307]" classname="uk.co.gluedit.math.MathToolsTest" time="0.001"/>
  <testcase name="testIsEvenFalseForOddNumbers(int)[308]" classname="uk.co.gluedit.math.MathToolsTest" time="0.0"/>
  <testcase name="testIsEvenFalseForOddNumbers(int)[309]" classname="uk.co.gluedit.math.MathToolsTest" time="0.0"/>
  <testcase name="testIsEvenFalseForOddNumbers(int)[310]" classname="uk.co.gluedit.math.MathToolsTest" time="0.001"/>
  <testcase name="testIsEvenFalseForOddNumbers(int)[311]" classname="uk.co.gluedit.math.MathToolsTest" time="0.0"/>
  <testcase name="testIsEvenFalseForOddNumbers(int)[312]" classname="uk.co.gluedit.math.MathToolsTest" time="0.0"/>
  <testcase name="testIsEvenFalseForOddNumbers(int)[313]" classname="uk.co.gluedit.math.MathToolsTest" time="0.0"/>
  <testcase name="testIsEvenFalseForOddNumbers(int)[314]" classname="uk.co.gluedit.math.MathToolsTest" time="0.001"/>
  <testcase name="testIsEvenFalseForOddNumbers(int)[315]" classname="uk.co.gluedit.math.MathToolsTest" time="0.0"/>
  <testcase name="testIsEvenFalseForOddNumbers(int)[316]" classname="uk.co.gluedit.math.MathToolsTest" time="0.0"/>
  <testcase name="testIsEvenFalseForOddNumbers(int)[317]" classname="uk.co.gluedit.math.MathToolsTest" time="0.001"/>
  <testcase name="testIsEvenFalseForOddNumbers(int)[318]" classname="uk.co.gluedit.math.MathToolsTest" time="0.0"/>
  <testcase name="testIsEvenFalseForOddNumbers(int)[319]" classname="uk.co.gluedit.math.MathToolsTest" time="0.0"/>
  <testcase name="testIsEvenFalseForOddNumbers(int)[320]" classname="uk.co.gluedit.math.MathToolsTest" time="0.0"/>
  <testcase name="testIsEvenFalseForOddNumbers(int)[321]" classname="uk.co.gluedit.math.MathToolsTest" time="0.001"/>
  <testcase name="testIsEvenFalseForOddNumbers(int)[322]" classname="uk.co.gluedit.math.MathToolsTest" time="0.0"/>
  <testcase name="testIsEvenFalseForOddNumbers(int)[323]" classname="uk.co.gluedit.math.MathToolsTest" time="0.0"/>
  <testcase name="testIsEvenFalseForOddNumbers(int)[324]" classname="uk.co.gluedit.math.MathToolsTest" time="0.0"/>
  <testcase name="testIsEvenFalseForOddNumbers(int)[325]" classname="uk.co.gluedit.math.MathToolsTest" time="0.001"/>
  <testcase name="testIsEvenFalseForOddNumbers(int)[326]" classname="uk.co.gluedit.math.MathToolsTest" time="0.0"/>
  <testcase name="testIsEvenFalseForOddNumbers(int)[327]" classname="uk.co.gluedit.math.MathToolsTest" time="0.0"/>
  <testcase name="testIsEvenFalseForOddNumbers(int)[328]" classname="uk.co.gluedit.math.MathToolsTest" time="0.0"/>
  <testcase name="testIsEvenFalseForOddNumbers(int)[329]" classname="uk.co.gluedit.math.MathToolsTest" time="0.0"/>
  <testcase name="testIsEvenFalseForOddNumbers(int)[330]" classname="uk.co.gluedit.math.MathToolsTest" time="0.0"/>
  <testcase name="testIsEvenFalseForOddNumbers(int)[331]" classname="uk.co.gluedit.math.MathToolsTest" time="0.001"/>
  <testcase name="testIsEvenFalseForOddNumbers(int)[332]" classname="uk.co.gluedit.math.MathToolsTest" time="0.0"/>
  <testcase name="testIsEvenFalseForOddNumbers(int)[333]" classname="uk.co.gluedit.math.MathToolsTest" time="0.0"/>
  <testcase name="testIsEvenFalseForOddNumbers(int)[334]" classname="uk.co.gluedit.math.MathToolsTest" time="0.0"/>
  <testcase name="testIsEvenFalseForOddNumbers(int)[335]" classname="uk.co.gluedit.math.MathToolsTest" time="0.0"/>
  <testcase name="testIsEvenFalseForOddNumbers(int)[336]" classname="uk.co.gluedit.math.MathToolsTest" time="0.0"/>
  <testcase name="testIsEvenFalseForOddNumbers(int)[337]" classname="uk.co.gluedit.math.MathToolsTest" time="0.0"/>
  <testcase name="testIsEvenFalseForOddNumbers(int)[338]" classname="uk.co.gluedit.math.MathToolsTest" time="0.0"/>
  <testcase name="testIsEvenFalseForOddNumbers(int)[339]" classname="uk.co.gluedit.math.MathToolsTest" time="0.0"/>
  <testcase name="testIsEvenFalseForOddNumbers(int)[340]" classname="uk.co.gluedit.math.MathToolsTest" time="0.0"/>
  <testcase name="testIsEvenFalseForOddNumbers(int)[341]" classname="uk.co.gluedit.math.MathToolsTest" time="0.001"/>
  <testcase name="testIsEvenFalseForOddNumbers(int)[342]" classname="uk.co.gluedit.math.MathToolsTest" time="0.0"/>
  <testcase name="testIsEvenFalseForOddNumbers(int)[343]" classname="uk.co.gluedit.math.MathToolsTest" time="0.0"/>
  <testcase name="testIsEvenFalseForOddNumbers(int)[344]" classname="uk.co.gluedit.math.MathToolsTest" time="0.0"/>
  <testcase name="testIsEvenFalseForOddNumbers(int)[345]" classname="uk.co.gluedit.math.MathToolsTest" time="0.0"/>
  <testcase name="testIsEvenFalseForOddNumbers(int)[346]" classname="uk.co.gluedit.math.MathToolsTest" time="0.0"/>
  <testcase name="testIsEvenFalseForOddNumbers(int)[347]" classname="uk.co.gluedit.math.MathToolsTest" time="0.0"/>
  <testcase name="testIsEvenFalseForOddNumbers(int)[348]" classname="uk.co.gluedit.math.MathToolsTest" time="0.001"/>
  <testcase name="testIsEvenFalseForOddNumbers(int)[349]" classname="uk.co.gluedit.math.MathToolsTest" time="0.0"/>
  <testcase name="testIsEvenFalseForOddNumbers(int)[350]" classname="uk.co.gluedit.math.MathToolsTest" time="0.0"/>
  <testcase name="testIsEvenFalseForOddNumbers(int)[351]" classname="uk.co.gluedit.math.MathToolsTest" time="0.0"/>
  <testcase name="testIsEvenFalseForOddNumbers(int)[352]" classname="uk.co.gluedit.math.MathToolsTest" time="0.0"/>
  <testcase name="testIsEvenFalseForOddNumbers(int)[353]" classname="uk.co.gluedit.math.MathToolsTest" time="0.0"/>
  <testcase name="testIsEvenFalseForOddNumbers(int)[354]" classname="uk.co.gluedit.math.MathToolsTest" time="0.001"/>
  <testcase name="testIsEvenFalseForOddNumbers(int)[355]" classname="uk.co.gluedit.math.MathToolsTest" time="0.0"/>
  <testcase name="testIsEvenFalseForOddNumbers(int)[356]" classname="uk.co.gluedit.math.MathToolsTest" time="0.001"/>
  <testcase name="testIsEvenFalseForOddNumbers(int)[357]" classname="uk.co.gluedit.math.MathToolsTest" time="0.0"/>
  <testcase name="testIsEvenFalseForOddNumbers(int)[358]" classname="uk.co.gluedit.math.MathToolsTest" time="0.0"/>
  <testcase name="testIsEvenFalseForOddNumbers(int)[359]" classname="uk.co.gluedit.math.MathToolsTest" time="0.001"/>
  <testcase name="testIsEvenFalseForOddNumbers(int)[360]" classname="uk.co.gluedit.math.MathToolsTest" time="0.0"/>
  <testcase name="testIsEvenFalseForOddNumbers(int)[361]" classname="uk.co.gluedit.math.MathToolsTest" time="0.0"/>
  <testcase name="testIsEvenFalseForOddNumbers(int)[362]" classname="uk.co.gluedit.math.MathToolsTest" time="0.0"/>
  <testcase name="testIsEvenFalseForOddNumbers(int)[363]" classname="uk.co.gluedit.math.MathToolsTest" time="0.001"/>
  <testcase name="testIsEvenFalseForOddNumbers(int)[364]" classname="uk.co.gluedit.math.MathToolsTest" time="0.0"/>
  <testcase name="testIsEvenFalseForOddNumbers(int)[365]" classname="uk.co.gluedit.math.MathToolsTest" time="0.0"/>
  <testcase name="testIsEvenFalseForOddNumbers(int)[366]" classname="uk.co.gluedit.math.MathToolsTest" time="0.0"/>
  <testcase name="testIsEvenFalseForOddNumbers(int)[367]" classname="uk.co.gluedit.math.MathToolsTest" time="0.001"/>
  <testcase name="testIsEvenFalseForOddNumbers(int)[368]" classname="uk.co.gluedit.math.MathToolsTest" time="0.0"/>
  <testcase name="testIsEvenFalseForOddNumbers(int)[369]" classname="uk.co.gluedit.math.MathToolsTest" time="0.0"/>
  <testcase name="testIsEvenFalseForOddNumbers(int)[370]" classname="uk.co.gluedit.math.MathToolsTest" time="0.0"/>
  <testcase name="testIsEvenFalseForOddNumbers(int)[371]" classname="uk.co.gluedit.math.MathToolsTest" time="0.0"/>
  <testcase name="testIsEvenFalseForOddNumbers(int)[372]" classname="uk.co.gluedit.math.MathToolsTest" time="0.001"/>
  <testcase name="testIsEvenFalseForOddNumbers(int)[373]" classname="uk.co.gluedit.math.MathToolsTest" time="0.0"/>
  <testcase name="testIsEvenFalseForOddNumbers(int)[374]" classname="uk.co.gluedit.math.MathToolsTest" time="0.0"/>
  <testcase name="testIsEvenFalseForOddNumbers(int)[375]" classname="uk.co.gluedit.math.MathToolsTest" time="0.001"/>
  <testcase name="testIsEvenFalseForOddNumbers(int)[376]" classname="uk.co.gluedit.math.MathToolsTest" time="0.001"/>
  <testcase name="testIsEvenFalseForOddNumbers(int)[377]" classname="uk.co.gluedit.math.MathToolsTest" time="0.0"/>
  <testcase name="testIsEvenFalseForOddNumbers(int)[378]" classname="uk.co.gluedit.math.MathToolsTest" time="0.0"/>
  <testcase name="testIsEvenFalseForOddNumbers(int)[379]" classname="uk.co.gluedit.math.MathToolsTest" time="0.001"/>
  <testcase name="testIsEvenFalseForOddNumbers(int)[380]" classname="uk.co.gluedit.math.MathToolsTest" time="0.0"/>
  <testcase name="testIsEvenFalseForOddNumbers(int)[381]" classname="uk.co.gluedit.math.MathToolsTest" time="0.0"/>
  <testcase name="testIsEvenFalseForOddNumbers(int)[382]" classname="uk.co.gluedit.math.MathToolsTest" time="0.0"/>
  <testcase name="testIsEvenFalseForOddNumbers(int)[383]" classname="uk.co.gluedit.math.MathToolsTest" time="0.0"/>
  <testcase name="testIsEvenFalseForOddNumbers(int)[384]" classname="uk.co.gluedit.math.MathToolsTest" time="0.0"/>
  <testcase name="testIsEvenFalseForOddNumbers(int)[385]" classname="uk.co.gluedit.math.MathToolsTest" time="0.001"/>
  <testcase name="testIsEvenFalseForOddNumbers(int)[386]" classname="uk.co.gluedit.math.MathToolsTest" time="0.0"/>
  <testcase name="testIsEvenFalseForOddNumbers(int)[387]" classname="uk.co.gluedit.math.MathToolsTest" time="0.0"/>
  <testcase name="testIsEvenFalseForOddNumbers(int)[388]" classname="uk.co.gluedit.math.MathToolsTest" time="0.0"/>
  <testcase name="testIsEvenFalseForOddNumbers(int)[389]" classname="uk.co.gluedit.math.MathToolsTest" time="0.001"/>
  <testcase name="testIsEvenFalseForOddNumbers(int)[390]" classname="uk.co.gluedit.math.MathToolsTest" time="0.0"/>
  <testcase name="testIsEvenFalseForOddNumbers(int)[391]" classname="uk.co.gluedit.math.MathToolsTest" time="0.0"/>
  <testcase name="testIsEvenFalseForOddNumbers(int)[392]" classname="uk.co.gluedit.math.MathToolsTest" time="0.001"/>
  <testcase name="testIsEvenFalseForOddNumbers(int)[393]" classname="uk.co.gluedit.math.MathToolsTest" time="0.001"/>
  <testcase name="testIsEvenFalseForOddNumbers(int)[394]" classname="uk.co.gluedit.math.MathToolsTest" time="0.0"/>
  <testcase name="testIsEvenFalseForOddNumbers(int)[395]" classname="uk.co.gluedit.math.MathToolsTest" time="0.001"/>
  <testcase name="testIsEvenFalseForOddNumbers(int)[396]" classname="uk.co.gluedit.math.MathToolsTest" time="0.0"/>
  <testcase name="testIsEvenFalseForOddNumbers(int)[397]" classname="uk.co.gluedit.math.MathToolsTest" time="0.0"/>
  <testcase name="testIsEvenFalseForOddNumbers(int)[398]" classname="uk.co.gluedit.math.MathToolsTest" time="0.001"/>
  <testcase name="testIsEvenFalseForOddNumbers(int)[399]" classname="uk.co.gluedit.math.MathToolsTest" time="0.0"/>
  <testcase name="testIsEvenFalseForOddNumbers(int)[400]" classname="uk.co.gluedit.math.MathToolsTest" time="0.0"/>
  <testcase name="testIsEvenFalseForOddNumbers(int)[401]" classname="uk.co.gluedit.math.MathToolsTest" time="0.0"/>
  <testcase name="testIsEvenFalseForOddNumbers(int)[402]" classname="uk.co.gluedit.math.MathToolsTest" time="0.0"/>
  <testcase name="testIsEvenFalseForOddNumbers(int)[403]" classname="uk.co.gluedit.math.MathToolsTest" time="0.001"/>
  <testcase name="testIsEvenFalseForOddNumbers(int)[404]" classname="uk.co.gluedit.math.MathToolsTest" time="0.0"/>
  <testcase name="testIsEvenFalseForOddNumbers(int)[405]" classname="uk.co.gluedit.math.MathToolsTest" time="0.0"/>
  <testcase name="testIsEvenFalseForOddNumbers(int)[406]" classname="uk.co.gluedit.math.MathToolsTest" time="0.0"/>
  <testcase name="testIsEvenFalseForOddNumbers(int)[407]" classname="uk.co.gluedit.math.MathToolsTest" time="0.001"/>
  <testcase name="testIsEvenFalseForOddNumbers(int)[408]" classname="uk.co.gluedit.math.MathToolsTest" time="0.001"/>
  <testcase name="testIsEvenFalseForOddNumbers(int)[409]" classname="uk.co.gluedit.math.MathToolsTest" time="0.0"/>
  <testcase name="testIsEvenFalseForOddNumbers(int)[410]" classname="uk.co.gluedit.math.MathToolsTest" time="0.0"/>
  <testcase name="testIsEvenFalseForOddNumbers(int)[411]" classname="uk.co.gluedit.math.MathToolsTest" time="0.001"/>
  <testcase name="testIsEvenFalseForOddNumbers(int)[412]" classname="uk.co.gluedit.math.MathToolsTest" time="0.001"/>
  <testcase name="testIsEvenFalseForOddNumbers(int)[413]" classname="uk.co.gluedit.math.MathToolsTest" time="0.0"/>
  <testcase name="testIsEvenFalseForOddNumbers(int)[414]" classname="uk.co.gluedit.math.MathToolsTest" time="0.0"/>
  <testcase name="testIsEvenFalseForOddNumbers(int)[415]" classname="uk.co.gluedit.math.MathToolsTest" time="0.0"/>
  <testcase name="testIsEvenFalseForOddNumbers(int)[416]" classname="uk.co.gluedit.math.MathToolsTest" time="0.0"/>
  <testcase name="testIsEvenFalseForOddNumbers(int)[417]" classname="uk.co.gluedit.math.MathToolsTest" time="0.0"/>
  <testcase name="testIsEvenFalseForOddNumbers(int)[418]" classname="uk.co.gluedit.math.MathToolsTest" time="0.0"/>
  <testcase name="testIsEvenFalseForOddNumbers(int)[419]" classname="uk.co.gluedit.math.MathToolsTest" time="0.0"/>
  <testcase name="testIsEvenFalseForOddNumbers(int)[420]" classname="uk.co.gluedit.math.MathToolsTest" time="0.0"/>
  <testcase name="testIsEvenFalseForOddNumbers(int)[421]" classname="uk.co.gluedit.math.MathToolsTest" time="0.001"/>
  <testcase name="testIsEvenFalseForOddNumbers(int)[422]" classname="uk.co.gluedit.math.MathToolsTest" time="0.0"/>
  <testcase name="testIsEvenFalseForOddNumbers(int)[423]" classname="uk.co.gluedit.math.MathToolsTest" time="0.001"/>
  <testcase name="testIsEvenFalseForOddNumbers(int)[424]" classname="uk.co.gluedit.math.MathToolsTest" time="0.0"/>
  <testcase name="testIsEvenFalseForOddNumbers(int)[425]" classname="uk.co.gluedit.math.MathToolsTest" time="0.001"/>
  <testcase name="testIsEvenFalseForOddNumbers(int)[426]" classname="uk.co.gluedit.math.MathToolsTest" time="0.0"/>
  <testcase name="testIsEvenFalseForOddNumbers(int)[427]" classname="uk.co.gluedit.math.MathToolsTest" time="0.0"/>
  <testcase name="testIsEvenFalseForOddNumbers(int)[428]" classname="uk.co.gluedit.math.MathToolsTest" time="0.001"/>
  <testcase name="testIsEvenFalseForOddNumbers(int)[429]" classname="uk.co.gluedit.math.MathToolsTest" time="0.0"/>
  <testcase name="testIsEvenFalseForOddNumbers(int)[430]" classname="uk.co.gluedit.math.MathToolsTest" time="0.0"/>
  <testcase name="testIsEvenFalseForOddNumbers(int)[431]" classname="uk.co.gluedit.math.MathToolsTest" time="0.0"/>
  <testcase name="testIsEvenFalseForOddNumbers(int)[432]" classname="uk.co.gluedit.math.MathToolsTest" time="0.0"/>
  <testcase name="testIsEvenFalseForOddNumbers(int)[433]" classname="uk.co.gluedit.math.MathToolsTest" time="0.0"/>
  <testcase name="testIsEvenFalseForOddNumbers(int)[434]" classname="uk.co.gluedit.math.MathToolsTest" time="0.0"/>
  <testcase name="testIsEvenFalseForOddNumbers(int)[435]" classname="uk.co.gluedit.math.MathToolsTest" time="0.0"/>
  <testcase name="testIsEvenFalseForOddNumbers(int)[436]" classname="uk.co.gluedit.math.MathToolsTest" time="0.0"/>
  <testcase name="testIsEvenFalseForOddNumbers(int)[437]" classname="uk.co.gluedit.math.MathToolsTest" time="0.0"/>
  <testcase name="testIsEvenFalseForOddNumbers(int)[438]" classname="uk.co.gluedit.math.MathToolsTest" time="0.0"/>
  <testcase name="testIsEvenFalseForOddNumbers(int)[439]" classname="uk.co.gluedit.math.MathToolsTest" time="0.0"/>
  <testcase name="testIsEvenFalseForOddNumbers(int)[440]" classname="uk.co.gluedit.math.MathToolsTest" time="0.0"/>
  <testcase name="testIsEvenFalseForOddNumbers(int)[441]" classname="uk.co.gluedit.math.MathToolsTest" time="0.0"/>
  <testcase name="testIsEvenFalseForOddNumbers(int)[442]" classname="uk.co.gluedit.math.MathToolsTest" time="0.0"/>
  <testcase name="testIsEvenFalseForOddNumbers(int)[443]" classname="uk.co.gluedit.math.MathToolsTest" time="0.001"/>
  <testcase name="testIsEvenFalseForOddNumbers(int)[444]" classname="uk.co.gluedit.math.MathToolsTest" time="0.0"/>
  <testcase name="testIsEvenFalseForOddNumbers(int)[445]" classname="uk.co.gluedit.math.MathToolsTest" time="0.0"/>
  <testcase name="testIsEvenFalseForOddNumbers(int)[446]" classname="uk.co.gluedit.math.MathToolsTest" time="0.0"/>
  <testcase name="testIsEvenFalseForOddNumbers(int)[447]" classname="uk.co.gluedit.math.MathToolsTest" time="0.001"/>
  <testcase name="testIsEvenFalseForOddNumbers(int)[448]" classname="uk.co.gluedit.math.MathToolsTest" time="0.0"/>
  <testcase name="testIsEvenFalseForOddNumbers(int)[449]" classname="uk.co.gluedit.math.MathToolsTest" time="0.001"/>
  <testcase name="testIsEvenFalseForOddNumbers(int)[450]" classname="uk.co.gluedit.math.MathToolsTest" time="0.0"/>
  <testcase name="testIsEvenFalseForOddNumbers(int)[451]" classname="uk.co.gluedit.math.MathToolsTest" time="0.0"/>
  <testcase name="testIsEvenFalseForOddNumbers(int)[452]" classname="uk.co.gluedit.math.MathToolsTest" time="0.001"/>
  <testcase name="testIsEvenFalseForOddNumbers(int)[453]" classname="uk.co.gluedit.math.MathToolsTest" time="0.001"/>
  <testcase name="testIsEvenFalseForOddNumbers(int)[454]" classname="uk.co.gluedit.math.MathToolsTest" time="0.0"/>
  <testcase name="testIsEvenFalseForOddNumbers(int)[455]" classname="uk.co.gluedit.math.MathToolsTest" time="0.0"/>
  <testcase name="testIsEvenFalseForOddNumbers(int)[456]" classname="uk.co.gluedit.math.MathToolsTest" time="0.0"/>
  <testcase name="testIsEvenFalseForOddNumbers(int)[457]" classname="uk.co.gluedit.math.MathToolsTest" time="0.0"/>
  <testcase name="testIsEvenFalseForOddNumbers(int)[458]" classname="uk.co.gluedit.math.MathToolsTest" time="0.001"/>
  <testcase name="testIsEvenFalseForOddNumbers(int)[459]" classname="uk.co.gluedit.math.MathToolsTest" time="0.0"/>
  <testcase name="testIsEvenFalseForOddNumbers(int)[460]" classname="uk.co.gluedit.math.MathToolsTest" time="0.001"/>
  <testcase name="testIsEvenFalseForOddNumbers(int)[461]" classname="uk.co.gluedit.math.MathToolsTest" time="0.0"/>
  <testcase name="testIsEvenFalseForOddNumbers(int)[462]" classname="uk.co.gluedit.math.MathToolsTest" time="0.0"/>
  <testcase name="testIsEvenFalseForOddNumbers(int)[463]" classname="uk.co.gluedit.math.MathToolsTest" time="0.001"/>
  <testcase name="testIsEvenFalseForOddNumbers(int)[464]" classname="uk.co.gluedit.math.MathToolsTest" time="0.0"/>
  <testcase name="testIsEvenFalseForOddNumbers(int)[465]" classname="uk.co.gluedit.math.MathToolsTest" time="0.001"/>
  <testcase name="testIsEvenFalseForOddNumbers(int)[466]" classname="uk.co.gluedit.math.MathToolsTest" time="0.0"/>
  <testcase name="testIsEvenFalseForOddNumbers(int)[467]" classname="uk.co.gluedit.math.MathToolsTest" time="0.0"/>
  <testcase name="testIsEvenFalseForOddNumbers(int)[468]" classname="uk.co.gluedit.math.MathToolsTest" time="0.0"/>
  <testcase name="testIsEvenFalseForOddNumbers(int)[469]" classname="uk.co.gluedit.math.MathToolsTest" time="0.001"/>
  <testcase name="testIsEvenFalseForOddNumbers(int)[470]" classname="uk.co.gluedit.math.MathToolsTest" time="0.0"/>
  <testcase name="testIsEvenFalseForOddNumbers(int)[471]" classname="uk.co.gluedit.math.MathToolsTest" time="0.0"/>
  <testcase name="testIsEvenFalseForOddNumbers(int)[472]" classname="uk.co.gluedit.math.MathToolsTest" time="0.0"/>
  <testcase name="testIsEvenFalseForOddNumbers(int)[473]" classname="uk.co.gluedit.math.MathToolsTest" time="0.001"/>
  <testcase name="testIsEvenFalseForOddNumbers(int)[474]" classname="uk.co.gluedit.math.MathToolsTest" time="0.0"/>
  <testcase name="testIsEvenFalseForOddNumbers(int)[475]" classname="uk.co.gluedit.math.MathToolsTest" time="0.001"/>
  <testcase name="testIsEvenFalseForOddNumbers(int)[476]" classname="uk.co.gluedit.math.MathToolsTest" time="0.0"/>
  <testcase name="testIsEvenFalseForOddNumbers(int)[477]" classname="uk.co.gluedit.math.MathToolsTest" time="0.0"/>
  <testcase name="testIsEvenFalseForOddNumbers(int)[478]" classname="uk.co.gluedit.math.MathToolsTest" time="0.001"/>
  <testcase name="testIsEvenFalseForOddNumbers(int)[479]" classname="uk.co.gluedit.math.MathToolsTest" time="0.0"/>
  <testcase name="testIsEvenFalseForOddNumbers(int)[480]" classname="uk.co.gluedit.math.MathToolsTest" time="0.0"/>
  <testcase name="testIsEvenFalseForOddNumbers(int)[481]" classname="uk.co.gluedit.math.MathToolsTest" time="0.001"/>
  <testcase name="testIsEvenFalseForOddNumbers(int)[482]" classname="uk.co.gluedit.math.MathToolsTest" time="0.0"/>
  <testcase name="testIsEvenFalseForOddNumbers(int)[483]" classname="uk.co.gluedit.math.MathToolsTest" time="0.0"/>
  <testcase name="testIsEvenFalseForOddNumbers(int)[484]" classname="uk.co.gluedit.math.MathToolsTest" time="0.0"/>
  <testcase name="testIsEvenFalseForOddNumbers(int)[485]" classname="uk.co.gluedit.math.MathToolsTest" time="0.0"/>
  <testcase name="testIsEvenFalseForOddNumbers(int)[486]" classname="uk.co.gluedit.math.MathToolsTest" time="0.0"/>
  <testcase name="testIsEvenFalseForOddNumbers(int)[487]" classname="uk.co.gluedit.math.MathToolsTest" time="0.0"/>
  <testcase name="testIsEvenFalseForOddNumbers(int)[488]" classname="uk.co.gluedit.math.MathToolsTest" time="0.0"/>
  <testcase name="testIsEvenFalseForOddNumbers(int)[489]" classname="uk.co.gluedit.math.MathToolsTest" time="0.0"/>
  <testcase name="testIsEvenFalseForOddNumbers(int)[490]" classname="uk.co.gluedit.math.MathToolsTest" time="0.0"/>
  <testcase name="testIsEvenFalseForOddNumbers(int)[491]" classname="uk.co.gluedit.math.MathToolsTest" time="0.001"/>
  <testcase name="testIsEvenFalseForOddNumbers(int)[492]" classname="uk.co.gluedit.math.MathToolsTest" time="0.001"/>
  <testcase name="testIsEvenFalseForOddNumbers(int)[493]" classname="uk.co.gluedit.math.MathToolsTest" time="0.0"/>
  <testcase name="testIsEvenFalseForOddNumbers(int)[494]" classname="uk.co.gluedit.math.MathToolsTest" time="0.001"/>
  <testcase name="testIsEvenFalseForOddNumbers(int)[495]" classname="uk.co.gluedit.math.MathToolsTest" time="0.0"/>
  <testcase name="testIsEvenFalseForOddNumbers(int)[496]" classname="uk.co.gluedit.math.MathToolsTest" time="0.0"/>
  <testcase name="testIsEvenFalseForOddNumbers(int)[497]" classname="uk.co.gluedit.math.MathToolsTest" time="0.0"/>
  <testcase name="testIsEvenFalseForOddNumbers(int)[498]" classname="uk.co.gluedit.math.MathToolsTest" time="0.0"/>
  <testcase name="testIsEvenFalseForOddNumbers(int)[499]" classname="uk.co.gluedit.math.MathToolsTest" time="0.0"/>
  <testcase name="testIsEvenFalseForOddNumbers(int)[500]" classname="uk.co.gluedit.math.MathToolsTest" time="0.0"/>
  <system-out><![CDATA[]]></system-out>
  <system-err><![CDATA[]]></system-err>
</testsuite>
