<?xml version="1.0" encoding="UTF-8"?>
<testsuite name="uk.co.gluedit.mockito.ServiceTest" tests="2" skipped="0" failures="0" errors="0" timestamp="2020-05-10T09:06:55" hostname="macbooky-13.local" time="0.434">
  <properties/>
  <testcase name="testException()" classname="uk.co.gluedit.mockito.ServiceTest" time="0.428"/>
  <testcase name="testSuccess()" classname="uk.co.gluedit.mockito.ServiceTest" time="0.005"/>
  <system-out><![CDATA[]]></system-out>
  <system-err><![CDATA[]]></system-err>
</testsuite>
