<?xml version="1.0" encoding="UTF-8"?>
<testsuite name="uk.co.gluedit.tags.TestOne" tests="1" skipped="0" failures="0" errors="0" timestamp="2020-05-10T09:06:55" hostname="macbooky-13.local" time="0.001">
  <properties/>
  <testcase name="testOne()" classname="uk.co.gluedit.tags.TestOne" time="0.001"/>
  <system-out><![CDATA[Test 1
]]></system-out>
  <system-err><![CDATA[]]></system-err>
</testsuite>
