<?xml version="1.0" encoding="UTF-8"?>
<testsuite name="uk.co.gluedit.hamcrest.HamcrestDemoTest" tests="3" skipped="0" failures="0" errors="0" timestamp="2020-05-10T09:06:54" hostname="macbooky-13.local" time="0.042">
  <properties/>
  <testcase name="listExamples()" classname="uk.co.gluedit.hamcrest.HamcrestDemoTest" time="0.036"/>
  <testcase name="stringExamples()" classname="uk.co.gluedit.hamcrest.HamcrestDemoTest" time="0.002"/>
  <testcase name="numberExamples()" classname="uk.co.gluedit.hamcrest.HamcrestDemoTest" time="0.002"/>
  <system-out><![CDATA[]]></system-out>
  <system-err><![CDATA[]]></system-err>
</testsuite>
